dr_20minutes_idk : 0.0 %
dr_underworld_mini : 0.0 %
dr_ground : 0.0 %
dr_pathway : 0.0 %
dr_madfacility_xmas : 0.0 %
dr_cocainum_invasion : 0.0 %
dr_horror_school : 0.0 %
dr_aztecan_6 : 0.0 %
dr_divinity : 0.0 %
dr_scraprun : 0.0 %
dr_slay : 0.0 %
dr_may : 0.0 %
dr_lasagna_remake : 0.0 %
dr_arcreflex : 0.0 %
dr_my_street : 0.0 %
dr_mlg_bearun : 0.0 %
dr_area : 0.0 %
dr_boss : 0.0 %
dr_sector : 0.0 %
dr_toxic_waste : 0.0 %
dr_vegas : 0.0 %
dr_cube : 0.0 %
dr_shrimps : 0.0 %
dr_woods : 0.0 %
dr_hansmanor : 0.0 %
dr_adventure : 0.0 %
dr_mandrillmaze_hentai : 0.0 %
dr_forice : 0.0 %
dr_aeuhhhh : 0.0 %
dr_missing : 0.0 %
dr_charity : 0.0 %
dr_asylum : 0.0 %
dr_simpsons_custom : 0.0 %
dr_templeruins : 0.0 %
dr_school : 0.0 %
dr_hydropass : 0.0 %
dr_constructionland : 0.0 %
dr_block : 0.0 %
dr_xtremeway_tank : 0.01 %
dr_texture_extreme : 0.01 %
dr_rawrxd : 0.01 %
dr_retarded_hentai : 0.01 %
dr_aufgeben : 0.01 %
dr_annihilate : 0.01 %
dr_newporkcity : 0.01 %
dr_gaytower : 0.01 %
dr_gulag : 0.01 %
dr_dlux : 0.01 %
dr_timetravel : 0.01 %
dr_weaponsdepot : 0.01 %
dr_neohorrors : 0.01 %
dr_memetower : 0.01 %
dr_forest : 0.01 %
dr_gentmanor : 0.01 %
dr_workplace : 0.01 %
dr_fuck_you : 0.01 %
dr_wackyforest : 0.01 %
dr_assassinate : 0.01 %
dr_sketchyrun : 0.01 %
dr_owobuild1f6 : 0.01 %
dr_volvagias_lair : 0.01 %
dr_hot_desert : 0.01 %
dr_facility : 0.01 %
dr_sprint : 0.02 %
dr_school_run : 0.02 %
dr_hauntedresidence : 0.02 %
dr_madfacility : 0.02 %
dr_derelict_prime : 0.02 %
dr_minecaves : 0.02 %
dr_furry : 0.02 %
dr_minecraft : 0.02 %
dr_inca : 0.02 %
dr_bunker : 0.02 %
dr_tf2_hotel : 0.02 %
dr_industrial : 0.02 %
dr_chop_suey : 0.02 %
dr_9_plus : 0.02 %
dr_hereafter : 0.02 %
dr_crash_universe : 0.02 %
dr_crazy_place : 0.02 %
dr_pain_facility : 0.02 %
dr_smexytraps : 0.02 %
dr_no_office : 0.02 %
dr_yeehaww : 0.02 %
dr_boney_run : 0.02 %
dr_nightmare : 0.02 %
dr_whizzy : 0.02 %
dr_void : 0.03 %
dr_watchout : 0.03 %
dr_degenerate : 0.03 %
dr_cocainum_teyla : 0.03 %
dr_tantrum : 0.03 %
dr_wooden : 0.03 %
dr_multirun : 0.03 %
dr_carnival : 0.03 %
dr_swamp : 0.03 %
dr_belaul : 0.03 %
dr_prismatic_x : 0.03 %
dr_marioparty : 0.03 %
dr_aztecan : 0.03 %
dr_brazil : 0.04 %
dr_tim_allen : 0.04 %
dr_coldmetal : 0.04 %
dr_hallway : 0.04 %
dr_coldlava : 0.04 %
dr_deadhome : 0.04 %
dr_prison_escape : 0.04 %
dr_dech : 0.04 %
dr_orange : 0.04 %
dr_hellfire : 0.04 %
dr_hourglass : 0.04 %
dr_paradoxal : 0.04 %
dr_retarded : 0.05 %
dr_egypt : 0.05 %
dr_running : 0.05 %
dr_ironworks : 0.05 %
dr_colonoscopy : 0.05 %
dr_iceworld : 0.05 %
dr_simpsons_cte : 0.05 %
dr_bearush : 0.05 %
dr_darkenergy : 0.05 %
dr_area_51 : 0.06 %
dr_redmesa : 0.06 %
dr_eugenics : 0.06 %
dr_badger_escape : 0.06 %
dr_mario : 0.06 %
dr_atomic_warfare : 0.06 %
dr_retroservers : 0.07 %
dr_buildings : 0.07 %
dr_marioworld : 0.07 %
dr_runoff : 0.07 %
dr_manor : 0.07 %
dr_wastelabs : 0.07 %
dr_donald_trump : 0.07 %
dr_dust : 0.08 %
dr_wolfenstein : 0.08 %
dr_waterworks : 0.08 %
dr_foursquare : 0.08 %
dr_cyberpunk : 0.08 %
dr_mandrillmaze : 0.08 %
dr_high_school : 0.08 %
dr_mineshaft : 0.09 %
dr_pt : 0.09 %
dr_firetemple : 0.09 %
dr_sawmill : 0.09 %
dr_among_us : 0.09 %
dr_gamestonks : 0.1 %
dr_dlux_nightfall : 0.1 %
dr_madlabs : 0.1 %
dr_airbase : 0.1 %
dr_mysterious_underground : 0.1 %
dr_delay : 0.1 %
dr_bearun : 0.11 %
dr_cocainum2 : 0.11 %
dr_bazinga : 0.11 %
dr_fuck_you2 : 0.12 %
dr_pirate_adventure : 0.12 %
dr_crash_bandicoot : 0.13 %
dr_simulacrum : 0.13 %
dr_doom : 0.13 %
dr_corpsypas : 0.13 %
dr_r60d : 0.13 %
dr_js : 0.14 %
dr_lego : 0.14 %
dr_spinner : 0.14 %
dr_hampter : 0.14 %
dr_technoir : 0.14 %
dr_cocainum_spooky : 0.15 %
dr_madness_combat : 0.15 %
dr_cryptnecrodancer : 0.16 %
dr_stardust : 0.16 %
dr_lostzones : 0.16 %
dr_lasagna : 0.16 %
dr_time_travel : 0.16 %
dr_cocainum : 0.17 %
dr_express_train : 0.17 %
dr_bandicoot_egypt : 0.17 %
dr_pauseahead : 0.17 %
dr_winterhill : 0.18 %
dr_goldfever : 0.18 %
dr_tf2_museum : 0.19 %
dr_hotline_miami : 0.19 %
dr_retroland : 0.2 %
dr_winterbase : 0.2 %
dr_4halls : 0.21 %
dr_psykopat : 0.22 %
dr_underworld : 0.22 %
dr_minigames : 0.22 %
dr_dungeon : 0.23 %
dr_family_guy : 0.23 %
dr_castle_steveh : 0.24 %
dr_aconian : 0.24 %
dr_steamworks_extreme : 0.26 %
dr_division : 0.26 %
dr_horrors_panda : 0.28 %
dr_horrors : 0.29 %
dr_wallacegromit : 0.29 %
dr_psykopat2 : 0.29 %
dr_chipper : 0.3 %
dr_meme_factory : 0.33 %
dr_kirks : 0.34 %
dr_20minutes : 0.36 %
dr_minecraft_land : 0.37 %
dr_minecraftworld : 0.41 %
dr_supermario64 : 0.42 %
dr_outrun : 0.44 %
dr_floor : 0.47 %
dr_bog : 0.49 %
dr_space : 0.55 %
dr_minefarm : 0.55 %
dr_scprun : 0.58 %
dr_fall_guys : 0.6 %
dr_champions_destiny : 0.61 %
dr_home_sweet : 0.63 %
dr_trollrun : 0.63 %
dr_baby_pirate : 0.66 %
dr_blackmesa : 0.76 %
dr_windows_xp : 0.79 %
dr_waterrun : 0.79 %
dr_ignite : 0.91 %
dr_cocainum_xmas : 0.96 %
dr_safety_first : 1.02 %
dr_forgotten_origin : 1.02 %
dr_wintervalley : 1.04 %
dr_breadland : 1.17 %
dr_la_meltdown : 1.3 %
dr_dangerzone : 1.32 %
dr_supermonkeyball : 1.32 %
dr_bazinga_remake : 1.38 %
dr_boomershooter : 1.44 %
dr_trump_tower : 1.5 %
dr_junglemines : 1.57 %
dr_berlin : 1.57 %
dr_portal2 : 1.58 %
dr_backrooms : 1.58 %
dr_luigis_mansion : 1.67 %
dr_simulation : 1.72 %
dr_bootcamp : 1.77 %
dr_gayrun : 1.82 %
dr_undertale : 1.96 %
dr_stupidity : 2.07 %
dr_nighttown : 2.22 %
dr_valve_hq : 2.24 %
dr_nostalgia_roblox : 2.28 %
dr_scooby_doo : 2.78 %
dr_pq_101 : 3.08 %
dr_bank : 3.27 %
dr_lazytown_xmas : 3.34 %
dr_neonoir_impossible : 4.08 %
dr_ancient_memes : 4.75 %
dr_office : 4.94 %
dr_supermarket : 5.67 %
dr_playstation : 5.7 %
